{
  "RSpec": {
    "coverage": {
      "/Users/student/Dropbox/week_10/gilded_rose_ruby/spec/gilded_rose_spec.rb": [
        1,
        1,
        null,
        1,
        null,
        1,
        1,
        1,
        1,
        1,
        null,
        null,
        null,
        1,
        1,
        1,
        1,
        1,
        null,
        null,
        1,
        1,
        1,
        1,
        null,
        null,
        1,
        1,
        1,
        1,
        null,
        null,
        1,
        1,
        1,
        1,
        null,
        null,
        1,
        1,
        1,
        1,
        null,
        null,
        null,
        null,
        null
      ],
      "/Users/student/Dropbox/week_10/gilded_rose_ruby/lib/gilded_rose.rb": [
        1,
        null,
        1,
        6,
        null,
        null,
        1,
        6,
        6,
        6,
        3,
        3,
        null,
        null,
        null,
        0,
        0,
        0,
        0,
        0,
        0,
        null,
        null,
        0,
        0,
        0,
        null,
        null,
        null,
        null,
        null,
        6,
        6,
        null,
        6,
        4,
        4,
        4,
        1,
        1,
        null,
        null,
        null,
        0,
        null,
        null,
        0,
        0,
        null,
        null,
        null,
        null,
        null,
        null
      ],
      "/Users/student/Dropbox/week_10/gilded_rose_ruby/lib/item.rb": [
        1,
        1,
        null,
        1,
        7,
        7,
        7,
        null,
        null,
        1,
        1,
        null,
        null
      ],
      "/Users/student/Dropbox/week_10/gilded_rose_ruby/spec/item_spec.rb": [
        1,
        null,
        1,
        1,
        1,
        1,
        1,
        null,
        null,
        null
      ]
    },
    "timestamp": 1557395969
  }
}
